Vivado Simulator 2020.2
Time resolution is 1 ps
time    clock       encrypt_out
0	 1     xxxxxxxxxxxxxxxx
100	 0     xxxxxxxxxxxxxxxx
200	 1     xxxxxxxxxxxxxxxx
300	 0     xxxxxxxxxxxxxxxx
400	 1     xxxxxxxxxxxxxxxx
500	 0     xxxxxxxxxxxxxxxx
600	 1     xxxxxxxxxxxxxxxx
700	 0     xxxxxxxxxxxxxxxx
800	 1     xxxxxxxxxxxxxxxx
900	 0     xxxxxxxxxxxxxxxx
1000	 1     xxxxxxxxxxxxxxxx
1100	 0     xxxxxxxxxxxxxxxx
1200	 1     xxxxxxxxxxxxxxxx
1300	 0     xxxxxxxxxxxxxxxx
1400	 1     xxxxxxxxxxxxxxxx
1500	 0     xxxxxxxxxxxxxxxx
1600	 1     xxxxxxxxxxxxxxxx
1700	 0     xxxxxxxxxxxxxxxx
1800	 1     xxxxxxxxxxxxxxxx
1900	 0     xxxxxxxxxxxxxxxx
2000	 1     xxxxxxxxxxxxxxxx
2100	 0     xxxxxxxxxxxxxxxx
2200	 1     xxxxxxxxxxxxxxxx
2300	 0     xxxxxxxxxxxxxxxx
2400	 1     xxxxxxxxxxxxxxxx
2500	 0     xxxxxxxxxxxxxxxx
2600	 1     xxxxxxxxxxxxxxxx
2700	 0     xxxxxxxxxxxxxxxx
2800	 1     xxxxxxxxxxxxxxxx
2900	 0     xxxxxxxxxxxxxxxx
3000	 1     xxxxxxxxxxxxxxxx
3100	 0     xxxxxxxxxxxxxxxx
3200	 1     xxxxxxxxxxxxxxxx
3300	 0     xxxxxxxxxxxxxxxx
3400	 1     xxxxxxxxxxxxxxxx
3500	 0     xxxxxxxxxxxxxxxx
3600	 1     xxxxxxxxxxxxxxxx
3700	 0     xxxxxxxxxxxxxxxx
3800	 1     xxxxxxxxxxxxxxxx
3900	 0     xxxxxxxxxxxxxxxx
4000	 1     xxxxxxxxxxxxxxxx
4100	 0     xxxxxxxxxxxxxxxx
4200	 1     xxxxxxxxxxxxxxxx
4300	 0     xxxxxxxxxxxxxxxx
4400	 1     xxxxxxxxxxxxxxxx
4500	 0     xxxxxxxxxxxxxxxx
4600	 1     xxxxxxxxxxxxxxxx
4700	 0     xxxxxxxxxxxxxxxx
4800	 1     xxxxxxxxxxxxxxxx
4900	 0     xxxxxxxxxxxxxxxx
5000	 1     xxxxxxxxxxxxxxxx
5100	 0     xxxxxxxxxxxxxxxx
5200	 1     xxxxxxxxxxxxxxxx
5300	 0     xxxxxxxxxxxxxxxx
5400	 1     xxxxxxxxxxxxxxxx
5500	 0     xxxxxxxxxxxxxxxx
5600	 1     xxxxxxxxxxxxxxxx
5700	 0     xxxxxxxxxxxxxxxx
5800	 1     xxxxxxxxxxxxxxxx
5900	 0     xxxxxxxxxxxxxxxx
6000	 1     xxxxxxxxxxxxxxxx
6100	 0     xxxxxxxxxxxxxxxx
6200	 1     xxxxxxxxxxxxxxxx
6300	 0     xxxxxxxxxxxxxxxx
6400	 1     xxxxxxxxxxxxxxxx
6500	 0     xxxxxxxxxxxxxxxx
6600	 1     xxxxxxxxxxxxxxxx
6700	 0     xxxxxxxxxxxxxxxx
Stopped at time : 6800 ns : File "C:/Users/k/Dev/Projects/PRESENT_Cipher_Verilog/encrypt/encrypt.srcs/sources_1/new/encrypt.v" Line 60
6800	 1     xxxxxxxxxxxxxxxx
6900	 0     xxxxxxxxxxxxxxxx
7000	 1     xxxxxxxxxxxxxxxx
7100	 0     xxxxxxxxxxxxxxxx
Stopped at time : 7200 ns : File "C:/Users/k/Dev/Projects/PRESENT_Cipher_Verilog/encrypt/encrypt.srcs/sources_1/new/encrypt.v" Line 60
7200	 1     xxxxxxxxxxxxxxxx
7300	 0     xxxxxxxxxxxxxxxx
7400	 1     xxxxxxxxxxxxxxxx
7500	 0     xxxxxxxxxxxxxxxx
Stopped at time : 7600 ns : File "C:/Users/k/Dev/Projects/PRESENT_Cipher_Verilog/encrypt/encrypt.srcs/sources_1/new/encrypt.v" Line 60
7600	 1     xxxxxxxxxxxxxxxx
7700	 0     xxxxxxxxxxxxxxxx
7800	 1     xxxxxxxxxxxxxxxx
7900	 0     xxxxxxxxxxxxxxxx
Stopped at time : 8 us : File "C:/Users/k/Dev/Projects/PRESENT_Cipher_Verilog/encrypt/encrypt.srcs/sources_1/new/encrypt.v" Line 60
8000	 1     xxxxxxxxxxxxxxxx
8100	 0     xxxxxxxxxxxxxxxx
8200	 1     xxxxxxxxxxxxxxxx
8300	 0     xxxxxxxxxxxxxxxx
Stopped at time : 8400 ns : File "C:/Users/k/Dev/Projects/PRESENT_Cipher_Verilog/encrypt/encrypt.srcs/sources_1/new/encrypt.v" Line 60
8400	 1     xxxxxxxxxxxxxxxx
8500	 0     xxxxxxxxxxxxxxxx
8600	 1     xxxxxxxxxxxxxxxx
8700	 0     xxxxxxxxxxxxxxxx
8800	 1     xxxxxxxxxxxxxxxx
8900	 0     xxxxxxxxxxxxxxxx
9000	 1     xxxxxxxxxxxxxxxx
9100	 0     xxxxxxxxxxxxxxxx
9200	 1     xxxxxxxxxxxxxxxx
9300	 0     xxxxxxxxxxxxxxxx
9400	 1     xxxxxxxxxxxxxxxx
9500	 0     xxxxxxxxxxxxxxxx
9600	 1     xxxxxxxxxxxxxxxx
9700	 0     xxxxxxxxxxxxxxxx
9800	 1     xxxxxxxxxxxxxxxx
9900	 0     xxxxxxxxxxxxxxxx
10000	 1     xxxxxxxxxxxxxxxx
10100	 0     xxxxxxxxxxxxxxxx
10200	 1     xxxxxxxxxxxxxxxx
10300	 0     xxxxxxxxxxxxxxxx
10400	 1     xxxxxxxxxxxxxxxx
10500	 0     xxxxxxxxxxxxxxxx
10600	 1     xxxxxxxxxxxxxxxx
10700	 0     xxxxxxxxxxxxxxxx
10800	 1     xxxxxxxxxxxxxxxx
10900	 0     xxxxxxxxxxxxxxxx
11000	 1     xxxxxxxxxxxxxxxx
11100	 0     xxxxxxxxxxxxxxxx
11200	 1     xxxxxxxxxxxxxxxx
11300	 0     xxxxxxxxxxxxxxxx
11400	 1     xxxxxxxxxxxxxxxx
11500	