
*** Running vivado
    with args -log encrypt.vds -m64 -product Vivado -mode batch -messageDb vivado.pb -notrace -source encrypt.tcl



****** Vivado v2020.2 (64-bit)
  **** SW Build 3064766 on Wed Nov 18 09:12:45 MST 2020
  **** IP Build 3064653 on Wed Nov 18 14:17:31 MST 2020
    ** Copyright 1986-2020 Xilinx, Inc. All Rights Reserved.

source encrypt.tcl -notrace
Command: synth_design -top encrypt -part xc7a35tcpg236-1
Starting synth_design
Attempting to get a license for feature 'Synthesis' and/or device 'xc7a35t'
INFO: [Common 17-349] Got license for feature 'Synthesis' and/or device 'xc7a35t'
INFO: [Device 21-403] Loading part xc7a35tcpg236-1
INFO: [Synth 8-7079] Multithreading enabled for synth_design using a maximum of 2 processes.
INFO: [Synth 8-7078] Launching helper process for spawning children vivado processes
INFO: [Synth 8-7075] Helper process launched with PID 16240
---------------------------------------------------------------------------------
Starting RTL Elaboration : Time (s): cpu = 00:00:05 ; elapsed = 00:00:05 . Memory (MB): peak = 1014.656 ; gain = 0.000
---------------------------------------------------------------------------------
INFO: [Synth 8-6157] synthesizing module 'encrypt' [C:/Users/k/Dev/Projects/PRESENT_Cipher_Verilog/encrypt/encrypt.srcs/sources_1/new/encrypt.v:1]
INFO: [Synth 8-6157] synthesizing module 'gen_round_keyz' [C:/Users/k/Dev/Projects/PRESENT_Cipher_Verilog/encrypt/encrypt.srcs/sources_1/new/gen_round_keyz.v:1]
WARNING: [Synth 8-567] referenced signal 'enable_in' should be on the sensitivity list [C:/Users/k/Dev/Projects/PRESENT_Cipher_Verilog/encrypt/encrypt.srcs/sources_1/new/gen_round_keyz.v:11]
WARNING: [Synth 8-567] referenced signal 'key' should be on the sensitivity list [C:/Users/k/Dev/Projects/PRESENT_Cipher_Verilog/encrypt/encrypt.srcs/sources_1/new/gen_round_keyz.v:11]
INFO: [Synth 8-6155] done synthesizing module 'gen_round_keyz' (1#1) [C:/Users/k/Dev/Projects/PRESENT_Cipher_Verilog/encrypt/encrypt.srcs/sources_1/new/gen_round_keyz.v:1]
INFO: [Synth 8-6157] synthesizing module 'sbox_layer' [C:/Users/k/Dev/Projects/PRESENT_Cipher_Verilog/encrypt/encrypt.srcs/sources_1/new/sbox_layer.v:1]
INFO: [Synth 8-155] case statement is not full and has no default [C:/Users/k/Dev/Projects/PRESENT_Cipher_Verilog/encrypt/encrypt.srcs/sources_1/new/sbox_layer.v:10]
INFO: [Synth 8-6155] done synthesizing module 'sbox_layer' (2#1) [C:/Users/k/Dev/Projects/PRESENT_Cipher_Verilog/encrypt/encrypt.srcs/sources_1/new/sbox_layer.v:1]
INFO: [Synth 8-6157] synthesizing module 'p_layer' [C:/Users/k/Dev/Projects/PRESENT_Cipher_Verilog/encrypt/encrypt.srcs/sources_1/new/p_layer.v:1]
INFO: [Synth 8-6155] done synthesizing module 'p_layer' (3#1) [C:/Users/k/Dev/Projects/PRESENT_Cipher_Verilog/encrypt/encrypt.srcs/sources_1/new/p_layer.v:1]
INFO: [Synth 8-251] stage 3!!! [C:/Users/k/Dev/Projects/PRESENT_Cipher_Verilog/encrypt/encrypt.srcs/sources_1/new/encrypt.v:69]
INFO: [Synth 8-155] case statement is not full and has no default [C:/Users/k/Dev/Projects/PRESENT_Cipher_Verilog/encrypt/encrypt.srcs/sources_1/new/encrypt.v:38]
INFO: [Synth 8-6155] done synthesizing module 'encrypt' (4#1) [C:/Users/k/Dev/Projects/PRESENT_Cipher_Verilog/encrypt/encrypt.srcs/sources_1/new/encrypt.v:1]
---------------------------------------------------------------------------------
Finished RTL Elaboration : Time (s): cpu = 00:00:06 ; elapsed = 00:00:06 . Memory (MB): peak = 1014.656 ; gain = 0.000
---------------------------------------------------------------------------------
---------------------------------------------------------------------------------
Start Handling Custom Attributes
---------------------------------------------------------------------------------
---------------------------------------------------------------------------------
Finished Handling Custom Attributes : Time (s): cpu = 00:00:07 ; elapsed = 00:00:07 . Memory (MB): peak = 1014.656 ; gain = 0.000
---------------------------------------------------------------------------------
---------------------------------------------------------------------------------
Finished RTL Optimization Phase 1 : Time (s): cpu = 00:00:07 ; elapsed = 00:00:07 . Memory (MB): peak = 1014.656 ; gain = 0.000
---------------------------------------------------------------------------------
Netlist sorting complete. Time (s): cpu = 00:00:00 ; elapsed = 00:00:00.042 . Memory (MB): peak = 1014.656 ; gain = 0.000
INFO: [Project 1-570] Preparing netlist for logic optimization

Processing XDC Constraints
Initializing timing engine
Parsing XDC File [C:/Users/k/Dev/Projects/PRESENT_Cipher_Verilog/encrypt/encrypt.srcs/constrs_1/imports/Downloads/Basys3_Master.xdc]
Finished Parsing XDC File [C:/Users/k/Dev/Projects/PRESENT_Cipher_Verilog/encrypt/encrypt.srcs/constrs_1/imports/Downloads/Basys3_Master.xdc]
Completed Processing XDC Constraints

Netlist sorting complete. Time (s): cpu = 00:00:00 ; elapsed = 00:00:00.001 . Memory (MB): peak = 1038.648 ; gain = 0.000
INFO: [Project 1-111] Unisim Transformation Summary:
No Unisim elements were transformed.

Constraint Validation Runtime : Time (s): cpu = 00:00:00 ; elapsed = 00:00:00.017 . Memory (MB): peak = 1038.648 ; gain = 0.000
---------------------------------------------------------------------------------
Finished Constraint Validation : Time (s): cpu = 00:00:14 ; elapsed = 00:00:14 . Memory (MB): peak = 1038.648 ; gain = 23.992
---------------------------------------------------------------------------------
---------------------------------------------------------------------------------
Start Loading Part and Timing Information
---------------------------------------------------------------------------------
Loading part: xc7a35tcpg236-1
---------------------------------------------------------------------------------
Finished Loading Part and Timing Information : Time (s): cpu = 00:00:14 ; elapsed = 00:00:14 . Memory (MB): peak = 1038.648 ; gain = 23.992
---------------------------------------------------------------------------------
---------------------------------------------------------------------------------
Start Applying 'set_property' XDC Constraints
---------------------------------------------------------------------------------
---------------------------------------------------------------------------------
Finished applying 'set_property' XDC Constraints : Time (s): cpu = 00:00:14 ; elapsed = 00:00:14 . Memory (MB): peak = 1038.648 ; gain = 23.992
---------------------------------------------------------------------------------
INFO: [Synth 8-802] inferred FSM for state register 'stage_reg' in module 'encrypt'
---------------------------------------------------------------------------------------------------
                   State |                     New Encoding |                Previous Encoding 
---------------------------------------------------------------------------------------------------
                  iSTATE |                             0001 |                             0000
                 iSTATE1 |                             0010 |                             0001
                 iSTATE0 |                             0100 |                             0010
                 iSTATE2 |                             1000 |                             0011
---------------------------------------------------------------------------------------------------
INFO: [Synth 8-3354] encoded FSM with state register 'stage_reg' using encoding 'one-hot' in module 'encrypt'
---------------------------------------------------------------------------------
Finished RTL Optimization Phase 2 : Time (s): cpu = 00:00:14 ; elapsed = 00:00:15 . Memory (MB): peak = 1038.648 ; gain = 23.992
---------------------------------------------------------------------------------
---------------------------------------------------------------------------------
Start RTL Component Statistics 
---------------------------------------------------------------------------------
Detailed RTL Component Info : 
+---Adders : 
	   2 Input    6 Bit       Adders := 3     
+---XORs : 
	   2 Input     64 Bit         XORs := 2     
	   2 Input      5 Bit         XORs := 1     
+---Registers : 
	               80 Bit    Registers := 1     
	               64 Bit    Registers := 34    
	                6 Bit    Registers := 2     
	                1 Bit    Registers := 1     
+---Muxes : 
	   2 Input   80 Bit        Muxes := 2     
	   2 Input   64 Bit        Muxes := 1     
	   4 Input   64 Bit        Muxes := 1     
	   4 Input    6 Bit        Muxes := 1     
	   4 Input    4 Bit        Muxes := 1     
	   2 Input    4 Bit        Muxes := 1     
	   2 Input    1 Bit        Muxes := 34    
	   4 Input    1 Bit        Muxes := 35    
---------------------------------------------------------------------------------
Finished RTL Component Statistics 
---------------------------------------------------------------------------------
---------------------------------------------------------------------------------
Start Part Resource Summary
---------------------------------------------------------------------------------
Part Resources:
DSPs: 90 (col length:60)
BRAMs: 100 (col length: RAMB18 60 RAMB36 30)
---------------------------------------------------------------------------------
Finished Part Resource Summary
---------------------------------------------------------------------------------
---------------------------------------------------------------------------------
Start Cross Boundary and Area Optimization
---------------------------------------------------------------------------------
---------------------------------------------------------------------------------
Finished Cross Boundary and Area Optimization : Time (s): cpu = 00:00:22 ; elapsed = 00:00:22 . Memory (MB): peak = 1038.648 ; gain = 23.992
---------------------------------------------------------------------------------
---------------------------------------------------------------------------------
Start Applying XDC Timing Constraints
---------------------------------------------------------------------------------
---------------------------------------------------------------------------------
Finished Applying XDC Timing Constraints : Time (s): cpu = 00:00:29 ; elapsed = 00:00:30 . Memory (MB): peak = 1038.648 ; gain = 23.992
---------------------------------------------------------------------------------
---------------------------------------------------------------------------------
Start Timing Optimization
---------------------------------------------------------------------------------
---------------------------------------------------------------------------------
Finished Timing Optimization : Time (s): cpu = 00:00:29 ; elapsed = 00:00:30 . Memory (MB): peak = 1038.648 ; gain = 23.992
---------------------------------------------------------------------------------
---------------------------------------------------------------------------------
Start Technology Mapping
---------------------------------------------------------------------------------
---------------------------------------------------------------------------------
Finished Technology Mapping : Time (s): cpu = 00:00:30 ; elapsed = 00:00:30 . Memory (MB): peak = 1050.094 ; gain = 35.438
---------------------------------------------------------------------------------
---------------------------------------------------------------------------------
Start IO Insertion
---------------------------------------------------------------------------------
---------------------------------------------------------------------------------
Start Flattening Before IO Insertion
---------------------------------------------------------------------------------
---------------------------------------------------------------------------------
Finished Flattening Before IO Insertion
---------------------------------------------------------------------------------
---------------------------------------------------------------------------------
Start Final Netlist Cleanup
---------------------------------------------------------------------------------
---------------------------------------------------------------------------------
Finished Final Netlist Cleanup
---------------------------------------------------------------------------------
---------------------------------------------------------------------------------
Finished IO Insertion : Time (s): cpu = 00:00:33 ; elapsed = 00:00:34 . Memory (MB): peak = 1061.113 ; gain = 46.457
---------------------------------------------------------------------------------
---------------------------------------------------------------------------------
Start Renaming Generated Instances
---------------------------------------------------------------------------------
---------------------------------------------------------------------------------
Finished Renaming Generated Instances : Time (s): cpu = 00:00:33 ; elapsed = 00:00:34 . Memory (MB): peak = 1061.113 ; gain = 46.457
---------------------------------------------------------------------------------
---------------------------------------------------------------------------------
Start Rebuilding User Hierarchy
---------------------------------------------------------------------------------
---------------------------------------------------------------------------------
Finished Rebuilding User Hierarchy : Time (s): cpu = 00:00:33 ; elapsed = 00:00:34 . Memory (MB): peak = 1061.113 ; gain = 46.457
---------------------------------------------------------------------------------
---------------------------------------------------------------------------------
Start Renaming Generated Ports
---------------------------------------------------------------------------------
---------------------------------------------------------------------------------
Finished Renaming Generated Ports : Time (s): cpu = 00:00:33 ; elapsed = 00:00:34 . Memory (MB): peak = 1061.113 ; gain = 46.457
---------------------------------------------------------------------------------
---------------------------------------------------------------------------------
Start Handling Custom Attributes
---------------------------------------------------------------------------------
---------------------------------------------------------------------------------
Finished Handling Custom Attributes : Time (s): cpu = 00:00:34 ; elapsed = 00:00:34 . Memory (MB): peak = 1061.113 ; gain = 46.457
---------------------------------------------------------------------------------
---------------------------------------------------------------------------------
Start Renaming Generated Nets
---------------------------------------------------------------------------------
---------------------------------------------------------------------------------
Finished Renaming Generated Nets : Time (s): cpu = 00:00:34 ; elapsed = 00:00:34 . Memory (MB): peak = 1061.113 ; gain = 46.457
---------------------------------------------------------------------------------
---------------------------------------------------------------------------------
Start Writing Synthesis Report
---------------------------------------------------------------------------------

Report BlackBoxes: 
+-+--------------+----------+
| |BlackBox name |Instances |
+-+--------------+----------+
+-+--------------+----------+

Report Cell Usage: 
+------+------+------+
|      |Cell  |Count |
+------+------+------+
|1     |BUFG  |     1|
|2     |LUT1  |     2|
|3     |LUT2  |    72|
|4     |LUT3  |    67|
|5     |LUT4  |    38|
|6     |LUT5  |   159|
|7     |LUT6  |   657|
|8     |MUXF7 |   256|
|9     |MUXF8 |    64|
|10    |FDRE  |  2283|
|11    |IBUF  |   146|
|12    |OBUF  |    64|
+------+------+------+
---------------------------------------------------------------------------------
Finished Writing Synthesis Report : Time (s): cpu = 00:00:34 ; elapsed = 00:00:34 . Memory (MB): peak = 1061.113 ; gain = 46.457
---------------------------------------------------------------------------------
Synthesis finished with 0 errors, 0 critical warnings and 0 warnings.
Synthesis Optimization Runtime : Time (s): cpu = 00:00:25 ; elapsed = 00:00:32 . Memory (MB): peak = 1061.113 ; gain = 22.465
Synthesis Optimization Complete : Time (s): cpu = 00:00:34 ; elapsed = 00:00:34 . Memory (MB): peak = 1061.113 ; gain = 46.457
INFO: [Project 1-571] Translating synthesized netlist
Netlist sorting complete. Time (s): cpu = 00:00:00 ; elapsed = 00:00:00.042 . Memory (MB): peak = 1061.113 ; gain = 0.000
INFO: [Netlist 29-17] Analyzing 320 Unisim elements for replacement
INFO: [Netlist 29-28] Unisim Transformation completed in 0 CPU seconds
WARNING: [Netlist 29-101] Netlist 'encrypt' is not ideal for floorplanning, since the cellview 'encrypt' contains a large number of primitives.  Please consider enabling hierarchy in synthesis if you want to do floorplanning.
INFO: [Project 1-570] Preparing netlist for logic optimization
INFO: [Opt 31-138] Pushed 0 inverter(s) to 0 load pin(s).
Netlist sorting complete. Time (s): cpu = 00:00:00 ; elapsed = 00:00:00 . Memory (MB): peak = 1071.543 ; gain = 0.000
INFO: [Project 1-111] Unisim Transformation Summary:
No Unisim elements were transformed.

INFO: [Common 17-83] Releasing license: Synthesis
27 Infos, 3 Warnings, 0 Critical Warnings and 0 Errors encountered.
synth_design completed successfully
synth_design: Time (s): cpu = 00:00:41 ; elapsed = 00:00:42 . Memory (MB): peak = 1071.543 ; gain = 56.887
INFO: [Common 17-1381] The checkpoint 'C:/Users/k/Dev/Projects/PRESENT_Cipher_Verilog/encrypt/encrypt.runs/synth_1/encrypt.dcp' has been generated.
INFO: [runtcl-4] Executing : report_utilization -file encrypt_utilization_synth.rpt -pb encrypt_utilization_synth.pb
INFO: [Common 17-206] Exiting Vivado at Sat Jun 26 18:19:09 2021...
